<?xml version="1.0" encoding="UTF-8"?>
<testsuite xmlns:xsi="http://www.w3.org/2001/XMLSchema-instance" xsi:noNamespaceSchemaLocation="https://maven.apache.org/surefire/maven-surefire-plugin/xsd/surefire-test-report.xsd" name="TestSuite" time="191.642" tests="2" errors="0" skipped="0" failures="2">
  <properties>
    <property name="sun.desktop" value="windows"/>
    <property name="awt.toolkit" value="sun.awt.windows.WToolkit"/>
    <property name="file.encoding.pkg" value="sun.io"/>
    <property name="java.specification.version" value="1.8"/>
    <property name="sun.cpu.isalist" value="amd64"/>
    <property name="sun.jnu.encoding" value="Cp1252"/>
    <property name="java.class.path" value="D:\FrameworkDesign\FrameworkStructure\target\test-classes;D:\FrameworkDesign\FrameworkStructure\target\classes;C:\Users\faizan.mamji\.m2\repository\junit\junit\4.11\junit-4.11.jar;C:\Users\faizan.mamji\.m2\repository\org\hamcrest\hamcrest-core\1.3\hamcrest-core-1.3.jar;C:\Users\faizan.mamji\.m2\repository\org\testng\testng\7.3.0\testng-7.3.0.jar;C:\Users\faizan.mamji\.m2\repository\com\beust\jcommander\1.78\jcommander-1.78.jar;C:\Users\faizan.mamji\.m2\repository\org\apache\ant\ant\1.10.3\ant-1.10.3.jar;C:\Users\faizan.mamji\.m2\repository\org\apache\ant\ant-launcher\1.10.3\ant-launcher-1.10.3.jar;C:\Users\faizan.mamji\.m2\repository\com\google\inject\guice\4.2.2\guice-4.2.2-no_aop.jar;C:\Users\faizan.mamji\.m2\repository\javax\inject\javax.inject\1\javax.inject-1.jar;C:\Users\faizan.mamji\.m2\repository\aopalliance\aopalliance\1.0\aopalliance-1.0.jar;C:\Users\faizan.mamji\.m2\repository\org\yaml\snakeyaml\1.21\snakeyaml-1.21.jar;C:\Users\faizan.mamji\.m2\repository\io\appium\java-client\7.5.1\java-client-7.5.1.jar;C:\Users\faizan.mamji\.m2\repository\org\seleniumhq\selenium\selenium-api\3.141.59\selenium-api-3.141.59.jar;C:\Users\faizan.mamji\.m2\repository\com\google\code\gson\gson\2.8.6\gson-2.8.6.jar;C:\Users\faizan.mamji\.m2\repository\org\apache\httpcomponents\httpclient\4.5.13\httpclient-4.5.13.jar;C:\Users\faizan.mamji\.m2\repository\org\apache\httpcomponents\httpcore\4.4.13\httpcore-4.4.13.jar;C:\Users\faizan.mamji\.m2\repository\commons-logging\commons-logging\1.2\commons-logging-1.2.jar;C:\Users\faizan.mamji\.m2\repository\commons-codec\commons-codec\1.11\commons-codec-1.11.jar;C:\Users\faizan.mamji\.m2\repository\cglib\cglib\3.3.0\cglib-3.3.0.jar;C:\Users\faizan.mamji\.m2\repository\org\ow2\asm\asm\7.1\asm-7.1.jar;C:\Users\faizan.mamji\.m2\repository\commons-validator\commons-validator\1.7\commons-validator-1.7.jar;C:\Users\faizan.mamji\.m2\repository\commons-beanutils\commons-beanutils\1.9.4\commons-beanutils-1.9.4.jar;C:\Users\faizan.mamji\.m2\repository\commons-digester\commons-digester\2.1\commons-digester-2.1.jar;C:\Users\faizan.mamji\.m2\repository\commons-collections\commons-collections\3.2.2\commons-collections-3.2.2.jar;C:\Users\faizan.mamji\.m2\repository\org\apache\commons\commons-lang3\3.12.0\commons-lang3-3.12.0.jar;C:\Users\faizan.mamji\.m2\repository\commons-io\commons-io\2.8.0\commons-io-2.8.0.jar;C:\Users\faizan.mamji\.m2\repository\org\springframework\spring-context\5.3.4\spring-context-5.3.4.jar;C:\Users\faizan.mamji\.m2\repository\org\springframework\spring-aop\5.3.4\spring-aop-5.3.4.jar;C:\Users\faizan.mamji\.m2\repository\org\springframework\spring-beans\5.3.4\spring-beans-5.3.4.jar;C:\Users\faizan.mamji\.m2\repository\org\springframework\spring-core\5.3.4\spring-core-5.3.4.jar;C:\Users\faizan.mamji\.m2\repository\org\springframework\spring-jcl\5.3.4\spring-jcl-5.3.4.jar;C:\Users\faizan.mamji\.m2\repository\org\springframework\spring-expression\5.3.4\spring-expression-5.3.4.jar;C:\Users\faizan.mamji\.m2\repository\org\slf4j\slf4j-api\1.7.30\slf4j-api-1.7.30.jar;C:\Users\faizan.mamji\.m2\repository\org\seleniumhq\selenium\selenium-java\3.141.59\selenium-java-3.141.59.jar;C:\Users\faizan.mamji\.m2\repository\org\seleniumhq\selenium\selenium-chrome-driver\3.141.59\selenium-chrome-driver-3.141.59.jar;C:\Users\faizan.mamji\.m2\repository\org\seleniumhq\selenium\selenium-edge-driver\3.141.59\selenium-edge-driver-3.141.59.jar;C:\Users\faizan.mamji\.m2\repository\org\seleniumhq\selenium\selenium-firefox-driver\3.141.59\selenium-firefox-driver-3.141.59.jar;C:\Users\faizan.mamji\.m2\repository\org\seleniumhq\selenium\selenium-ie-driver\3.141.59\selenium-ie-driver-3.141.59.jar;C:\Users\faizan.mamji\.m2\repository\org\seleniumhq\selenium\selenium-opera-driver\3.141.59\selenium-opera-driver-3.141.59.jar;C:\Users\faizan.mamji\.m2\repository\org\seleniumhq\selenium\selenium-remote-driver\3.141.59\selenium-remote-driver-3.141.59.jar;C:\Users\faizan.mamji\.m2\repository\org\seleniumhq\selenium\selenium-safari-driver\3.141.59\selenium-safari-driver-3.141.59.jar;C:\Users\faizan.mamji\.m2\repository\net\bytebuddy\byte-buddy\1.8.15\byte-buddy-1.8.15.jar;C:\Users\faizan.mamji\.m2\repository\org\apache\commons\commons-exec\1.3\commons-exec-1.3.jar;C:\Users\faizan.mamji\.m2\repository\com\google\guava\guava\25.0-jre\guava-25.0-jre.jar;C:\Users\faizan.mamji\.m2\repository\com\google\code\findbugs\jsr305\1.3.9\jsr305-1.3.9.jar;C:\Users\faizan.mamji\.m2\repository\org\checkerframework\checker-compat-qual\2.0.0\checker-compat-qual-2.0.0.jar;C:\Users\faizan.mamji\.m2\repository\com\google\errorprone\error_prone_annotations\2.1.3\error_prone_annotations-2.1.3.jar;C:\Users\faizan.mamji\.m2\repository\com\google\j2objc\j2objc-annotations\1.1\j2objc-annotations-1.1.jar;C:\Users\faizan.mamji\.m2\repository\org\codehaus\mojo\animal-sniffer-annotations\1.14\animal-sniffer-annotations-1.14.jar;C:\Users\faizan.mamji\.m2\repository\com\squareup\okhttp3\okhttp\3.11.0\okhttp-3.11.0.jar;C:\Users\faizan.mamji\.m2\repository\com\squareup\okio\okio\1.14.0\okio-1.14.0.jar;C:\Users\faizan.mamji\.m2\repository\org\seleniumhq\selenium\selenium-support\3.141.59\selenium-support-3.141.59.jar;C:\Users\faizan.mamji\.m2\repository\org\apache\logging\log4j\log4j-api\2.1\log4j-api-2.1.jar;C:\Users\faizan.mamji\.m2\repository\org\apache\logging\log4j\log4j-core\2.1\log4j-core-2.1.jar;C:\Users\faizan.mamji\.m2\repository\xml-apis\xml-apis\1.4.01\xml-apis-1.4.01.jar;C:\Users\faizan.mamji\.m2\repository\com\relevantcodes\extentreports\2.41.2\extentreports-2.41.2.jar;C:\Users\faizan.mamji\.m2\repository\org\jsoup\jsoup\1.8.3\jsoup-1.8.3.jar;C:\Users\faizan.mamji\.m2\repository\org\xerial\sqlite-jdbc\3.8.11.1\sqlite-jdbc-3.8.11.1.jar;C:\Users\faizan.mamji\.m2\repository\org\freemarker\freemarker\2.3.23\freemarker-2.3.23.jar;C:\Users\faizan.mamji\.m2\repository\org\mongodb\mongodb-driver\3.0.4\mongodb-driver-3.0.4.jar;C:\Users\faizan.mamji\.m2\repository\org\mongodb\mongodb-driver-core\3.0.4\mongodb-driver-core-3.0.4.jar;C:\Users\faizan.mamji\.m2\repository\com\aventstack\extentreports\4.0.0\extentreports-4.0.0.jar;C:\Users\faizan.mamji\.m2\repository\org\mongodb\bson\3.3.0\bson-3.3.0.jar;C:\Users\faizan.mamji\.m2\repository\org\apache\httpcomponents\httpmime\4.5.2\httpmime-4.5.2.jar;C:\Users\faizan.mamji\.m2\repository\io\qameta\allure\allure-testng\2.14.0\allure-testng-2.14.0.jar;C:\Users\faizan.mamji\.m2\repository\io\qameta\allure\allure-java-commons\2.14.0\allure-java-commons-2.14.0.jar;C:\Users\faizan.mamji\.m2\repository\io\qameta\allure\allure-model\2.14.0\allure-model-2.14.0.jar;C:\Users\faizan.mamji\.m2\repository\com\fasterxml\jackson\core\jackson-databind\2.12.3\jackson-databind-2.12.3.jar;C:\Users\faizan.mamji\.m2\repository\com\fasterxml\jackson\core\jackson-annotations\2.12.3\jackson-annotations-2.12.3.jar;C:\Users\faizan.mamji\.m2\repository\com\fasterxml\jackson\core\jackson-core\2.12.3\jackson-core-2.12.3.jar;C:\Users\faizan.mamji\.m2\repository\org\apache\tika\tika-core\1.26\tika-core-1.26.jar;C:\Users\faizan.mamji\.m2\repository\org\jooq\joor-java-8\0.9.14\joor-java-8-0.9.14.jar;C:\Users\faizan.mamji\.m2\repository\io\qameta\allure\allure-test-filter\2.14.0\allure-test-filter-2.14.0.jar;C:\Users\faizan.mamji\.m2\repository\io\github\bonigarcia\webdrivermanager\4.4.3\webdrivermanager-4.4.3.jar;C:\Users\faizan.mamji\.m2\repository\org\apache\httpcomponents\client5\httpclient5\5.0.3\httpclient5-5.0.3.jar;C:\Users\faizan.mamji\.m2\repository\org\apache\httpcomponents\core5\httpcore5\5.0.2\httpcore5-5.0.2.jar;C:\Users\faizan.mamji\.m2\repository\org\apache\httpcomponents\core5\httpcore5-h2\5.0.2\httpcore5-h2-5.0.2.jar;C:\Users\faizan.mamji\.m2\repository\org\rauschig\jarchivelib\1.1.0\jarchivelib-1.1.0.jar;C:\Users\faizan.mamji\.m2\repository\org\apache\commons\commons-compress\1.20\commons-compress-1.20.jar;C:\Users\faizan.mamji\.m2\repository\org\aspectj\aspectjweaver\1.8.10\aspectjweaver-1.8.10.jar;"/>
    <property name="java.vm.vendor" value="Oracle Corporation"/>
    <property name="sun.arch.data.model" value="64"/>
    <property name="user.variant" value=""/>
    <property name="java.vendor.url" value="http://java.oracle.com/"/>
    <property name="user.timezone" value="Asia/Karachi"/>
    <property name="java.vm.specification.version" value="1.8"/>
    <property name="os.name" value="Windows 10"/>
    <property name="user.country" value="US"/>
    <property name="sun.java.launcher" value="SUN_STANDARD"/>
    <property name="sun.boot.library.path" value="C:\Program Files\Java\jdk1.8.0_291\jre\bin"/>
    <property name="sun.java.command" value="C:\Users\FAIZAN~1.MAM\AppData\Local\Temp\surefire2621533512652855382\surefirebooter7477274804194078398.jar C:\Users\faizan.mamji\AppData\Local\Temp\surefire2621533512652855382 2021-06-20T18-47-49_216-jvmRun1 surefire6095892089834461123tmp surefire_0717719952316036104tmp"/>
    <property name="surefire.test.class.path" value="D:\FrameworkDesign\FrameworkStructure\target\test-classes;D:\FrameworkDesign\FrameworkStructure\target\classes;C:\Users\faizan.mamji\.m2\repository\junit\junit\4.11\junit-4.11.jar;C:\Users\faizan.mamji\.m2\repository\org\hamcrest\hamcrest-core\1.3\hamcrest-core-1.3.jar;C:\Users\faizan.mamji\.m2\repository\org\testng\testng\7.3.0\testng-7.3.0.jar;C:\Users\faizan.mamji\.m2\repository\com\beust\jcommander\1.78\jcommander-1.78.jar;C:\Users\faizan.mamji\.m2\repository\org\apache\ant\ant\1.10.3\ant-1.10.3.jar;C:\Users\faizan.mamji\.m2\repository\org\apache\ant\ant-launcher\1.10.3\ant-launcher-1.10.3.jar;C:\Users\faizan.mamji\.m2\repository\com\google\inject\guice\4.2.2\guice-4.2.2-no_aop.jar;C:\Users\faizan.mamji\.m2\repository\javax\inject\javax.inject\1\javax.inject-1.jar;C:\Users\faizan.mamji\.m2\repository\aopalliance\aopalliance\1.0\aopalliance-1.0.jar;C:\Users\faizan.mamji\.m2\repository\org\yaml\snakeyaml\1.21\snakeyaml-1.21.jar;C:\Users\faizan.mamji\.m2\repository\io\appium\java-client\7.5.1\java-client-7.5.1.jar;C:\Users\faizan.mamji\.m2\repository\org\seleniumhq\selenium\selenium-api\3.141.59\selenium-api-3.141.59.jar;C:\Users\faizan.mamji\.m2\repository\com\google\code\gson\gson\2.8.6\gson-2.8.6.jar;C:\Users\faizan.mamji\.m2\repository\org\apache\httpcomponents\httpclient\4.5.13\httpclient-4.5.13.jar;C:\Users\faizan.mamji\.m2\repository\org\apache\httpcomponents\httpcore\4.4.13\httpcore-4.4.13.jar;C:\Users\faizan.mamji\.m2\repository\commons-logging\commons-logging\1.2\commons-logging-1.2.jar;C:\Users\faizan.mamji\.m2\repository\commons-codec\commons-codec\1.11\commons-codec-1.11.jar;C:\Users\faizan.mamji\.m2\repository\cglib\cglib\3.3.0\cglib-3.3.0.jar;C:\Users\faizan.mamji\.m2\repository\org\ow2\asm\asm\7.1\asm-7.1.jar;C:\Users\faizan.mamji\.m2\repository\commons-validator\commons-validator\1.7\commons-validator-1.7.jar;C:\Users\faizan.mamji\.m2\repository\commons-beanutils\commons-beanutils\1.9.4\commons-beanutils-1.9.4.jar;C:\Users\faizan.mamji\.m2\repository\commons-digester\commons-digester\2.1\commons-digester-2.1.jar;C:\Users\faizan.mamji\.m2\repository\commons-collections\commons-collections\3.2.2\commons-collections-3.2.2.jar;C:\Users\faizan.mamji\.m2\repository\org\apache\commons\commons-lang3\3.12.0\commons-lang3-3.12.0.jar;C:\Users\faizan.mamji\.m2\repository\commons-io\commons-io\2.8.0\commons-io-2.8.0.jar;C:\Users\faizan.mamji\.m2\repository\org\springframework\spring-context\5.3.4\spring-context-5.3.4.jar;C:\Users\faizan.mamji\.m2\repository\org\springframework\spring-aop\5.3.4\spring-aop-5.3.4.jar;C:\Users\faizan.mamji\.m2\repository\org\springframework\spring-beans\5.3.4\spring-beans-5.3.4.jar;C:\Users\faizan.mamji\.m2\repository\org\springframework\spring-core\5.3.4\spring-core-5.3.4.jar;C:\Users\faizan.mamji\.m2\repository\org\springframework\spring-jcl\5.3.4\spring-jcl-5.3.4.jar;C:\Users\faizan.mamji\.m2\repository\org\springframework\spring-expression\5.3.4\spring-expression-5.3.4.jar;C:\Users\faizan.mamji\.m2\repository\org\slf4j\slf4j-api\1.7.30\slf4j-api-1.7.30.jar;C:\Users\faizan.mamji\.m2\repository\org\seleniumhq\selenium\selenium-java\3.141.59\selenium-java-3.141.59.jar;C:\Users\faizan.mamji\.m2\repository\org\seleniumhq\selenium\selenium-chrome-driver\3.141.59\selenium-chrome-driver-3.141.59.jar;C:\Users\faizan.mamji\.m2\repository\org\seleniumhq\selenium\selenium-edge-driver\3.141.59\selenium-edge-driver-3.141.59.jar;C:\Users\faizan.mamji\.m2\repository\org\seleniumhq\selenium\selenium-firefox-driver\3.141.59\selenium-firefox-driver-3.141.59.jar;C:\Users\faizan.mamji\.m2\repository\org\seleniumhq\selenium\selenium-ie-driver\3.141.59\selenium-ie-driver-3.141.59.jar;C:\Users\faizan.mamji\.m2\repository\org\seleniumhq\selenium\selenium-opera-driver\3.141.59\selenium-opera-driver-3.141.59.jar;C:\Users\faizan.mamji\.m2\repository\org\seleniumhq\selenium\selenium-remote-driver\3.141.59\selenium-remote-driver-3.141.59.jar;C:\Users\faizan.mamji\.m2\repository\org\seleniumhq\selenium\selenium-safari-driver\3.141.59\selenium-safari-driver-3.141.59.jar;C:\Users\faizan.mamji\.m2\repository\net\bytebuddy\byte-buddy\1.8.15\byte-buddy-1.8.15.jar;C:\Users\faizan.mamji\.m2\repository\org\apache\commons\commons-exec\1.3\commons-exec-1.3.jar;C:\Users\faizan.mamji\.m2\repository\com\google\guava\guava\25.0-jre\guava-25.0-jre.jar;C:\Users\faizan.mamji\.m2\repository\com\google\code\findbugs\jsr305\1.3.9\jsr305-1.3.9.jar;C:\Users\faizan.mamji\.m2\repository\org\checkerframework\checker-compat-qual\2.0.0\checker-compat-qual-2.0.0.jar;C:\Users\faizan.mamji\.m2\repository\com\google\errorprone\error_prone_annotations\2.1.3\error_prone_annotations-2.1.3.jar;C:\Users\faizan.mamji\.m2\repository\com\google\j2objc\j2objc-annotations\1.1\j2objc-annotations-1.1.jar;C:\Users\faizan.mamji\.m2\repository\org\codehaus\mojo\animal-sniffer-annotations\1.14\animal-sniffer-annotations-1.14.jar;C:\Users\faizan.mamji\.m2\repository\com\squareup\okhttp3\okhttp\3.11.0\okhttp-3.11.0.jar;C:\Users\faizan.mamji\.m2\repository\com\squareup\okio\okio\1.14.0\okio-1.14.0.jar;C:\Users\faizan.mamji\.m2\repository\org\seleniumhq\selenium\selenium-support\3.141.59\selenium-support-3.141.59.jar;C:\Users\faizan.mamji\.m2\repository\org\apache\logging\log4j\log4j-api\2.1\log4j-api-2.1.jar;C:\Users\faizan.mamji\.m2\repository\org\apache\logging\log4j\log4j-core\2.1\log4j-core-2.1.jar;C:\Users\faizan.mamji\.m2\repository\xml-apis\xml-apis\1.4.01\xml-apis-1.4.01.jar;C:\Users\faizan.mamji\.m2\repository\com\relevantcodes\extentreports\2.41.2\extentreports-2.41.2.jar;C:\Users\faizan.mamji\.m2\repository\org\jsoup\jsoup\1.8.3\jsoup-1.8.3.jar;C:\Users\faizan.mamji\.m2\repository\org\xerial\sqlite-jdbc\3.8.11.1\sqlite-jdbc-3.8.11.1.jar;C:\Users\faizan.mamji\.m2\repository\org\freemarker\freemarker\2.3.23\freemarker-2.3.23.jar;C:\Users\faizan.mamji\.m2\repository\org\mongodb\mongodb-driver\3.0.4\mongodb-driver-3.0.4.jar;C:\Users\faizan.mamji\.m2\repository\org\mongodb\mongodb-driver-core\3.0.4\mongodb-driver-core-3.0.4.jar;C:\Users\faizan.mamji\.m2\repository\com\aventstack\extentreports\4.0.0\extentreports-4.0.0.jar;C:\Users\faizan.mamji\.m2\repository\org\mongodb\bson\3.3.0\bson-3.3.0.jar;C:\Users\faizan.mamji\.m2\repository\org\apache\httpcomponents\httpmime\4.5.2\httpmime-4.5.2.jar;C:\Users\faizan.mamji\.m2\repository\io\qameta\allure\allure-testng\2.14.0\allure-testng-2.14.0.jar;C:\Users\faizan.mamji\.m2\repository\io\qameta\allure\allure-java-commons\2.14.0\allure-java-commons-2.14.0.jar;C:\Users\faizan.mamji\.m2\repository\io\qameta\allure\allure-model\2.14.0\allure-model-2.14.0.jar;C:\Users\faizan.mamji\.m2\repository\com\fasterxml\jackson\core\jackson-databind\2.12.3\jackson-databind-2.12.3.jar;C:\Users\faizan.mamji\.m2\repository\com\fasterxml\jackson\core\jackson-annotations\2.12.3\jackson-annotations-2.12.3.jar;C:\Users\faizan.mamji\.m2\repository\com\fasterxml\jackson\core\jackson-core\2.12.3\jackson-core-2.12.3.jar;C:\Users\faizan.mamji\.m2\repository\org\apache\tika\tika-core\1.26\tika-core-1.26.jar;C:\Users\faizan.mamji\.m2\repository\org\jooq\joor-java-8\0.9.14\joor-java-8-0.9.14.jar;C:\Users\faizan.mamji\.m2\repository\io\qameta\allure\allure-test-filter\2.14.0\allure-test-filter-2.14.0.jar;C:\Users\faizan.mamji\.m2\repository\io\github\bonigarcia\webdrivermanager\4.4.3\webdrivermanager-4.4.3.jar;C:\Users\faizan.mamji\.m2\repository\org\apache\httpcomponents\client5\httpclient5\5.0.3\httpclient5-5.0.3.jar;C:\Users\faizan.mamji\.m2\repository\org\apache\httpcomponents\core5\httpcore5\5.0.2\httpcore5-5.0.2.jar;C:\Users\faizan.mamji\.m2\repository\org\apache\httpcomponents\core5\httpcore5-h2\5.0.2\httpcore5-h2-5.0.2.jar;C:\Users\faizan.mamji\.m2\repository\org\rauschig\jarchivelib\1.1.0\jarchivelib-1.1.0.jar;C:\Users\faizan.mamji\.m2\repository\org\apache\commons\commons-compress\1.20\commons-compress-1.20.jar;C:\Users\faizan.mamji\.m2\repository\org\aspectj\aspectjweaver\1.8.10\aspectjweaver-1.8.10.jar;"/>
    <property name="sun.cpu.endian" value="little"/>
    <property name="user.home" value="C:\Users\faizan.mamji"/>
    <property name="user.language" value="en"/>
    <property name="java.specification.vendor" value="Oracle Corporation"/>
    <property name="java.home" value="C:\Program Files\Java\jdk1.8.0_291\jre"/>
    <property name="basedir" value="D:\FrameworkDesign\FrameworkStructure"/>
    <property name="file.separator" value="\"/>
    <property name="line.separator" value="&#10;"/>
    <property name="java.vm.specification.vendor" value="Oracle Corporation"/>
    <property name="java.specification.name" value="Java Platform API Specification"/>
    <property name="java.awt.graphicsenv" value="sun.awt.Win32GraphicsEnvironment"/>
    <property name="surefire.real.class.path" value="C:\Users\FAIZAN~1.MAM\AppData\Local\Temp\surefire2621533512652855382\surefirebooter7477274804194078398.jar;C:\Users\faizan.mamji\.m2\repository/org/aspectj/aspectjweaver/1.8.10/aspectjweaver-1.8.10.jar"/>
    <property name="sun.boot.class.path" value="C:\Program Files\Java\jdk1.8.0_291\jre\lib\resources.jar;C:\Program Files\Java\jdk1.8.0_291\jre\lib\rt.jar;C:\Program Files\Java\jdk1.8.0_291\jre\lib\sunrsasign.jar;C:\Program Files\Java\jdk1.8.0_291\jre\lib\jsse.jar;C:\Program Files\Java\jdk1.8.0_291\jre\lib\jce.jar;C:\Program Files\Java\jdk1.8.0_291\jre\lib\charsets.jar;C:\Program Files\Java\jdk1.8.0_291\jre\lib\jfr.jar;C:\Program Files\Java\jdk1.8.0_291\jre\classes"/>
    <property name="user.script" value=""/>
    <property name="sun.management.compiler" value="HotSpot 64-Bit Tiered Compilers"/>
    <property name="java.runtime.version" value="1.8.0_291-b10"/>
    <property name="user.name" value="faizan.mamji"/>
    <property name="path.separator" value=";"/>
    <property name="os.version" value="10.0"/>
    <property name="java.endorsed.dirs" value="C:\Program Files\Java\jdk1.8.0_291\jre\lib\endorsed"/>
    <property name="java.runtime.name" value="Java(TM) SE Runtime Environment"/>
    <property name="file.encoding" value="Cp1252"/>
    <property name="java.vm.name" value="Java HotSpot(TM) 64-Bit Server VM"/>
    <property name="localRepository" value="C:\Users\faizan.mamji\.m2\repository"/>
    <property name="java.vendor.url.bug" value="http://bugreport.sun.com/bugreport/"/>
    <property name="java.io.tmpdir" value="C:\Users\FAIZAN~1.MAM\AppData\Local\Temp\"/>
    <property name="java.version" value="1.8.0_291"/>
    <property name="user.dir" value="D:\FrameworkDesign\FrameworkStructure"/>
    <property name="os.arch" value="amd64"/>
    <property name="java.vm.specification.name" value="Java Virtual Machine Specification"/>
    <property name="java.awt.printerjob" value="sun.awt.windows.WPrinterJob"/>
    <property name="sun.os.patch.level" value=""/>
    <property name="java.library.path" value="C:\Program Files\Java\jdk1.8.0_291\jre\bin;C:\Windows\Sun\Java\bin;C:\Windows\system32;C:\Windows;C:\Program Files (x86)\Common Files\Oracle\Java\javapath;C:\Windows\system32;C:\Windows;C:\Windows\System32\Wbem;C:\Windows\System32\WindowsPowerShell\v1.0\;C:\Windows\System32\OpenSSH\;C:\Program Files\TortoiseSVN\bin;C:\Program Files\Java\jre1.8.0_291;C:\Program Files\Java\jdk1.8.0_291\bin;C:\Users\faizan.mamji\AppData\Local\Android\Sdk\build-tools;C:\Users\faizan.mamji\AppData\Local\Android\Sdk\emulator;C:\Users\faizan.mamji\AppData\Local\Android\Sdk\tools\bin;C:\Users\faizan.mamji\AppData\Local\Android\Sdk\tools;C:\Users\faizan.mamji\AppData\Local\Android\Sdk\platforms;C:\Users\faizan.mamji\AppData\Local\Android\Sdk\platform-tools;C:\Program Files\Java\jre1.8.0_291\bin;C:\Program Files\nodejs\;C:\Users\apache-maven-3.8.1\bin;C:\allure-2.14.0\bin;C:\Users\faizan.mamji\AppData\Local\Microsoft\WindowsApps;C:\Users\faizan.mamji\AppData\Roaming\npm;C:\Users\faizan.mamji\AppData\Local\Programs\Microsoft VS Code\bin;C:\Users\faizan.mamji\AppData\Local\Programs\Git\cmd;."/>
    <property name="java.vm.info" value="mixed mode"/>
    <property name="java.vendor" value="Oracle Corporation"/>
    <property name="java.vm.version" value="25.291-b10"/>
    <property name="java.ext.dirs" value="C:\Program Files\Java\jdk1.8.0_291\jre\lib\ext;C:\Windows\Sun\Java\lib\ext"/>
    <property name="sun.io.unicode.encoding" value="UnicodeLittle"/>
    <property name="java.class.version" value="52.0"/>
  </properties>
  <testcase name="login_Full_Access" classname="org.systems.testExecution.mainRegressionExecution" time="102.077">
    <failure message="An element could not be located on the page using the given search parameters.&#10;For documentation on this error, please visit: https://www.seleniumhq.org/exceptions/no_such_element.html&#10;Build info: version: &apos;3.141.59&apos;, revision: &apos;e82be7d358&apos;, time: &apos;2018-11-14T08:17:03&apos;&#10;System info: host: &apos;KHILT-7757&apos;, ip: &apos;192.168.8.114&apos;, os.name: &apos;Windows 10&apos;, os.arch: &apos;amd64&apos;, os.version: &apos;10.0&apos;, java.version: &apos;1.8.0_291&apos;&#10;Driver info: io.appium.java_client.AppiumDriver&#10;Capabilities {appActivity: com.etisalat.etida.home.act..., appPackage: com.Etisalat.ETIDA, automationName: UIAutomator2, databaseEnabled: false, desired: {appActivity: com.etisalat.etida.home.act..., appPackage: com.Etisalat.ETIDA, automationName: UIAutomator2, noReset: false, platformName: android}, deviceApiLevel: 29, deviceManufacturer: samsung, deviceModel: SM-A125F, deviceName: R58NC2CR3JF, deviceScreenDensity: 300, deviceScreenSize: 720x1600, deviceUDID: R58NC2CR3JF, javascriptEnabled: true, locationContextEnabled: false, networkConnectionEnabled: true, noReset: false, pixelRatio: 1.875, platform: LINUX, platformName: android, platformVersion: 10, statBarHeight: 45, takesScreenshot: true, viewportRect: {height: 1420, left: 0, top: 45, width: 720}, warnings: {}, webStorageEnabled: false}&#10;Session ID: dc2c9949-1480-4f94-820b-8c163d621e0d&#10;*** Element info: {Using=-android uiautomator, value=text(&quot;Cloe&quot;)}" type="java.lang.AssertionError">java.lang.AssertionError: 
An element could not be located on the page using the given search parameters.
For documentation on this error, please visit: https://www.seleniumhq.org/exceptions/no_such_element.html
Build info: version: '3.141.59', revision: 'e82be7d358', time: '2018-11-14T08:17:03'
System info: host: 'KHILT-7757', ip: '192.168.8.114', os.name: 'Windows 10', os.arch: 'amd64', os.version: '10.0', java.version: '1.8.0_291'
Driver info: io.appium.java_client.AppiumDriver
Capabilities {appActivity: com.etisalat.etida.home.act..., appPackage: com.Etisalat.ETIDA, automationName: UIAutomator2, databaseEnabled: false, desired: {appActivity: com.etisalat.etida.home.act..., appPackage: com.Etisalat.ETIDA, automationName: UIAutomator2, noReset: false, platformName: android}, deviceApiLevel: 29, deviceManufacturer: samsung, deviceModel: SM-A125F, deviceName: R58NC2CR3JF, deviceScreenDensity: 300, deviceScreenSize: 720x1600, deviceUDID: R58NC2CR3JF, javascriptEnabled: true, locationContextEnabled: false, networkConnectionEnabled: true, noReset: false, pixelRatio: 1.875, platform: LINUX, platformName: android, platformVersion: 10, statBarHeight: 45, takesScreenshot: true, viewportRect: {height: 1420, left: 0, top: 45, width: 720}, warnings: {}, webStorageEnabled: false}
Session ID: dc2c9949-1480-4f94-820b-8c163d621e0d
*** Element info: {Using=-android uiautomator, value=text("Cloe")}
	at org.systems.testExecution.mainRegressionExecution.login_Full_Access(mainRegressionExecution.java:35)
</failure>
    <system-out><![CDATA[I am in onStart method Regression Cases
I am in onTestStart method login_Full_Access start
2021-06-20 18:48:10 [main] INFO  org.systems.businessLayer.implementation - click on skip button
2021-06-20 18:48:11 [main] INFO  org.systems.businessLayer.implementation - click on full access button
2021-06-20 18:48:14 [main] INFO  org.systems.businessLayer.implementation - Enter Username in field
2021-06-20 18:48:16 [main] INFO  org.systems.businessLayer.implementation - Enter Password in field
2021-06-20 18:48:16 [main] INFO  org.systems.businessLayer.implementation - clicked on login button
2021-06-20 18:48:39 [main] INFO  org.systems.businessLayer.implementation - clicked on not now button
2021-06-20 18:48:40 [main] INFO  org.systems.businessLayer.implementation - clicked on no code button
2021-06-20 18:49:51 [main] INFO  org.systems.businessLayer.implementation - Method: login_App_FullAccess Full Access Login failed in implementation class An element could not be located on the page using the given search parameters.
For documentation on this error, please visit: https://www.seleniumhq.org/exceptions/no_such_element.html
Build info: version: '3.141.59', revision: 'e82be7d358', time: '2018-11-14T08:17:03'
System info: host: 'KHILT-7757', ip: '192.168.8.114', os.name: 'Windows 10', os.arch: 'amd64', os.version: '10.0', java.version: '1.8.0_291'
Driver info: io.appium.java_client.AppiumDriver
Capabilities {appActivity: com.etisalat.etida.home.act..., appPackage: com.Etisalat.ETIDA, automationName: UIAutomator2, databaseEnabled: false, desired: {appActivity: com.etisalat.etida.home.act..., appPackage: com.Etisalat.ETIDA, automationName: UIAutomator2, noReset: false, platformName: android}, deviceApiLevel: 29, deviceManufacturer: samsung, deviceModel: SM-A125F, deviceName: R58NC2CR3JF, deviceScreenDensity: 300, deviceScreenSize: 720x1600, deviceUDID: R58NC2CR3JF, javascriptEnabled: true, locationContextEnabled: false, networkConnectionEnabled: true, noReset: false, pixelRatio: 1.875, platform: LINUX, platformName: android, platformVersion: 10, statBarHeight: 45, takesScreenshot: true, viewportRect: {height: 1420, left: 0, top: 45, width: 720}, warnings: {}, webStorageEnabled: false}
Session ID: dc2c9949-1480-4f94-820b-8c163d621e0d
*** Element info: {Using=-android uiautomator, value=text("Cloe")}
I am in onTestFailure method login_Full_Access failed
]]></system-out>
    <system-err><![CDATA[SLF4J: Failed to load class "org.slf4j.impl.StaticLoggerBinder".
SLF4J: Defaulting to no-operation (NOP) logger implementation
SLF4J: See http://www.slf4j.org/codes.html#StaticLoggerBinder for further details.
Jun 20, 2021 6:48:04 PM io.appium.java_client.remote.AppiumCommandExecutor$1 lambda$0
INFO: Detected dialect: W3C
]]></system-err>
  </testcase>
  <testcase name="navigate_Support" classname="org.systems.testExecution.mainRegressionExecution" time="70.174">
    <failure message="An element could not be located on the page using the given search parameters.&#10;For documentation on this error, please visit: https://www.seleniumhq.org/exceptions/no_such_element.html&#10;Build info: version: &apos;3.141.59&apos;, revision: &apos;e82be7d358&apos;, time: &apos;2018-11-14T08:17:03&apos;&#10;System info: host: &apos;KHILT-7757&apos;, ip: &apos;192.168.8.114&apos;, os.name: &apos;Windows 10&apos;, os.arch: &apos;amd64&apos;, os.version: &apos;10.0&apos;, java.version: &apos;1.8.0_291&apos;&#10;Driver info: io.appium.java_client.AppiumDriver&#10;Capabilities {appActivity: com.etisalat.etida.home.act..., appPackage: com.Etisalat.ETIDA, automationName: UIAutomator2, databaseEnabled: false, desired: {appActivity: com.etisalat.etida.home.act..., appPackage: com.Etisalat.ETIDA, automationName: UIAutomator2, noReset: false, platformName: android}, deviceApiLevel: 29, deviceManufacturer: samsung, deviceModel: SM-A125F, deviceName: R58NC2CR3JF, deviceScreenDensity: 300, deviceScreenSize: 720x1600, deviceUDID: R58NC2CR3JF, javascriptEnabled: true, locationContextEnabled: false, networkConnectionEnabled: true, noReset: false, pixelRatio: 1.875, platform: LINUX, platformName: android, platformVersion: 10, statBarHeight: 45, takesScreenshot: true, viewportRect: {height: 1420, left: 0, top: 45, width: 720}, warnings: {}, webStorageEnabled: false}&#10;Session ID: dc2c9949-1480-4f94-820b-8c163d621e0d&#10;*** Element info: {Using=-android uiautomator, value=text(&quot;Support&quot;)}" type="java.lang.AssertionError">java.lang.AssertionError: 
An element could not be located on the page using the given search parameters.
For documentation on this error, please visit: https://www.seleniumhq.org/exceptions/no_such_element.html
Build info: version: '3.141.59', revision: 'e82be7d358', time: '2018-11-14T08:17:03'
System info: host: 'KHILT-7757', ip: '192.168.8.114', os.name: 'Windows 10', os.arch: 'amd64', os.version: '10.0', java.version: '1.8.0_291'
Driver info: io.appium.java_client.AppiumDriver
Capabilities {appActivity: com.etisalat.etida.home.act..., appPackage: com.Etisalat.ETIDA, automationName: UIAutomator2, databaseEnabled: false, desired: {appActivity: com.etisalat.etida.home.act..., appPackage: com.Etisalat.ETIDA, automationName: UIAutomator2, noReset: false, platformName: android}, deviceApiLevel: 29, deviceManufacturer: samsung, deviceModel: SM-A125F, deviceName: R58NC2CR3JF, deviceScreenDensity: 300, deviceScreenSize: 720x1600, deviceUDID: R58NC2CR3JF, javascriptEnabled: true, locationContextEnabled: false, networkConnectionEnabled: true, noReset: false, pixelRatio: 1.875, platform: LINUX, platformName: android, platformVersion: 10, statBarHeight: 45, takesScreenshot: true, viewportRect: {height: 1420, left: 0, top: 45, width: 720}, warnings: {}, webStorageEnabled: false}
Session ID: dc2c9949-1480-4f94-820b-8c163d621e0d
*** Element info: {Using=-android uiautomator, value=text("Support")}
	at org.systems.testExecution.mainRegressionExecution.navigate_Support(mainRegressionExecution.java:48)
</failure>
    <system-out><![CDATA[I am in onTestStart method navigate_Support start
2021-06-20 18:51:01 [main] INFO  org.systems.businessLayer.implementation - Method: navigate_SupportPage Support page navaigation issue in implementation class An element could not be located on the page using the given search parameters.
For documentation on this error, please visit: https://www.seleniumhq.org/exceptions/no_such_element.html
Build info: version: '3.141.59', revision: 'e82be7d358', time: '2018-11-14T08:17:03'
System info: host: 'KHILT-7757', ip: '192.168.8.114', os.name: 'Windows 10', os.arch: 'amd64', os.version: '10.0', java.version: '1.8.0_291'
Driver info: io.appium.java_client.AppiumDriver
Capabilities {appActivity: com.etisalat.etida.home.act..., appPackage: com.Etisalat.ETIDA, automationName: UIAutomator2, databaseEnabled: false, desired: {appActivity: com.etisalat.etida.home.act..., appPackage: com.Etisalat.ETIDA, automationName: UIAutomator2, noReset: false, platformName: android}, deviceApiLevel: 29, deviceManufacturer: samsung, deviceModel: SM-A125F, deviceName: R58NC2CR3JF, deviceScreenDensity: 300, deviceScreenSize: 720x1600, deviceUDID: R58NC2CR3JF, javascriptEnabled: true, locationContextEnabled: false, networkConnectionEnabled: true, noReset: false, pixelRatio: 1.875, platform: LINUX, platformName: android, platformVersion: 10, statBarHeight: 45, takesScreenshot: true, viewportRect: {height: 1420, left: 0, top: 45, width: 720}, warnings: {}, webStorageEnabled: false}
Session ID: dc2c9949-1480-4f94-820b-8c163d621e0d
*** Element info: {Using=-android uiautomator, value=text("Support")}
I am in onTestFailure method navigate_Support failed
]]></system-out>
  </testcase>
</testsuite>